<?xml version="1.0" encoding="UTF-8"?>
<Site BuildName="Linux-c++"
	BuildStamp="20240802-0056-Experimental"
	Name="DESKTOP-SKQP7T6"
	Generator="ctest-3.22.1"
	CompilerName="/usr/bin/c++"
	CompilerVersion="11.4.0"
	OSName="Linux"
	Hostname="DESKTOP-SKQP7T6"
	OSRelease="5.15.153.1-microsoft-standard-WSL2"
	OSVersion="#1 SMP Fri Mar 29 23:14:13 UTC 2024"
	OSPlatform="x86_64"
	Is64Bits="1"
	VendorString="AuthenticAMD"
	VendorID="Advanced Micro Devices"
	FamilyID="25"
	ModelID="33"
	ProcessorCacheSize="512"
	NumberOfLogicalCPU="32"
	NumberOfPhysicalCPU="16"
	TotalVirtualMemory="12288"
	TotalPhysicalMemory="48173"
	LogicalProcessorsPerPhysical="2"
	ProcessorClockFrequency="3393.66"
	>
	<Testing>
		<StartDateTime>Aug 01 20:56 EDT</StartDateTime>
		<StartTestTime>1722560202</StartTestTime>
		<TestList/>
		<EndDateTime>Aug 01 20:56 EDT</EndDateTime>
		<EndTestTime>1722560202</EndTestTime>
		<ElapsedMinutes>0</ElapsedMinutes>
	</Testing>
</Site>
